<?xml version="1.0" encoding="UTF-8"?>
<testsuite name="com.thoughtworks.rectangle.ExampleTest" tests="2" skipped="0" failures="0" errors="0" timestamp="2024-01-09T13:23:00" hostname="gurushifu-gurushifugitp-jacw3n4qzee" time="0.015">
  <properties/>
  <testcase name="testAreaWithPositiveNumbers()" classname="com.thoughtworks.rectangle.ExampleTest" time="0.013"/>
  <testcase name="testAreaWithZero()" classname="com.thoughtworks.rectangle.ExampleTest" time="0.001"/>
  <system-out><![CDATA[]]></system-out>
  <system-err><![CDATA[]]></system-err>
</testsuite>
